2015-12-05 10:41:30,245 - it-ebook - INFO - start
2015-12-05 10:41:39,373 - it-ebook - INFO - Downloading http://it-ebooks.info/book/5214
2015-12-05 10:41:46,892 - it-ebook - INFO - checking  Is this book already availble (downloaded)Practical Arduino
2015-12-05 10:41:48,092 - it-ebook - INFO - []
2015-12-05 10:41:48,093 - it-ebook - INFO - http://it-ebooks.info/book/5214/images/ebooks/6/practical_arduino.jpg
2015-12-05 10:42:07,419 - it-ebook - INFO - json
2015-12-05 10:42:07,420 - it-ebook - INFO - part
2015-12-05 10:42:07,420 - it-ebook - INFO - pdf
2015-12-05 10:42:07,421 - it-ebook - INFO - jpg
2015-12-05 10:42:17,429 - it-ebook - INFO - json
2015-12-05 10:42:17,430 - it-ebook - INFO - part
2015-12-05 10:42:17,430 - it-ebook - INFO - pdf
2015-12-05 10:42:17,431 - it-ebook - INFO - jpg
2015-12-05 10:42:27,441 - it-ebook - INFO - json
2015-12-05 10:42:27,442 - it-ebook - INFO - part
2015-12-05 10:42:27,442 - it-ebook - INFO - pdf
2015-12-05 10:42:27,442 - it-ebook - INFO - jpg
2015-12-05 10:42:37,451 - it-ebook - INFO - json
2015-12-05 10:42:37,452 - it-ebook - INFO - part
2015-12-05 10:42:37,452 - it-ebook - INFO - pdf
2015-12-05 10:42:37,452 - it-ebook - INFO - jpg
2015-12-05 10:42:47,463 - it-ebook - INFO - json
2015-12-05 10:42:47,464 - it-ebook - INFO - pdf
2015-12-05 10:42:47,464 - it-ebook - INFO - jpg
2015-12-05 10:42:47,465 - it-ebook - INFO - flag :True
2015-12-05 14:12:31,885 - it-ebook - INFO - start
2015-12-05 14:12:31,887 - it-ebook - INFO - Downloading http://it-ebooks.info/book/5214
2015-12-05 14:12:33,812 - it-ebook - INFO - checking  Is this book already availble (downloaded)Practical Arduino
2015-12-05 14:47:03,303 - it-ebook - INFO - start
2015-12-05 14:47:26,138 - it-ebook - INFO - Downloading http://it-ebooks.info/book/5214
2015-12-05 14:47:35,564 - it-ebook - INFO - checking  Is this book already availble (downloaded)Practical Arduino
2015-12-05 14:47:37,170 - it-ebook - INFO - []
2015-12-05 14:47:37,170 - it-ebook - INFO - http://it-ebooks.info/book/5214/images/ebooks/6/practical_arduino.jpg
2015-12-05 14:57:23,363 - it-ebook - INFO - start
2015-12-05 14:57:23,364 - it-ebook - INFO - Downloading http://it-ebooks.info/book/5214
2015-12-05 14:58:12,863 - it-ebook - INFO - start
2015-12-05 14:58:22,083 - it-ebook - INFO - Downloading http://it-ebooks.info/book/5214
